<?xml version="1.0" encoding="UTF-8"?>
<!-- Generated by org.testng.reporters.JUnitReportReporter -->
<testsuite hostname="LAPTOP-1RDVGC8P" failures="0" tests="1" name="com.qsp.testscripts.CustomerInfo" time="24.880" errors="0" timestamp="2021-03-07T17:49:55 IST" skipped="0">
  <testcase classname="com.qsp.testscripts.CustomerInfo" name="createCustomer" time="24.880"/>
  <system-out>
createCustomer  </system-out>
</testsuite> <!-- com.qsp.testscripts.CustomerInfo -->
