<?xml version="1.0" encoding="UTF-8"?>
<!-- Generated by org.testng.reporters.JUnitReportReporter -->
<testsuite hostname="LAPTOP-1RDVGC8P" failures="0" tests="1" name="qsp.ScreenShot" time="24.318" errors="0" timestamp="2021-03-06T00:16:02 IST" skipped="0">
  <testcase classname="qsp.ScreenShot" name="takeScreenshot" time="24.318"/>
  <system-out>
takeScreenshot  </system-out>
</testsuite> <!-- qsp.ScreenShot -->
