<?xml version="1.0" encoding="UTF-8"?>
<!-- Generated by org.testng.reporters.JUnitReportReporter -->
<testsuite hostname="LAPTOP-1RDVGC8P" failures="0" tests="1" name="com.qsp.testscripts.PracticeOfTestNG" time="27.433" errors="0" timestamp="2021-03-07T17:49:55 IST" skipped="0">
  <testcase classname="com.qsp.testscripts.PracticeOfTestNG" name="createProduct" time="27.433"/>
  <system-out>
createProduct  </system-out>
</testsuite> <!-- com.qsp.testscripts.PracticeOfTestNG -->
