<?xml version="1.0" encoding="UTF-8"?>
<!-- Generated by org.testng.reporters.JUnitReportReporter -->
<testsuite hostname="LAPTOP-1RDVGC8P" failures="0" tests="3" name="qsp.PracticeOfTestNG" time="0.019" errors="0" timestamp="2021-03-03T14:13:41 IST" skipped="0">
  <testcase classname="qsp.PracticeOfTestNG" name="createCustomer" time="0.014"/>
  <system-out>
createCustomer  </system-out>
  <testcase classname="qsp.PracticeOfTestNG" name="deleteCustomer" time="0.002"/>
  <system-out>
deleteCustomer  </system-out>
  <testcase classname="qsp.PracticeOfTestNG" name="modifyCustomer" time="0.003"/>
  <system-out>
modifyCustomer  </system-out>
</testsuite> <!-- qsp.PracticeOfTestNG -->
